<?xml version="1.0" encoding="UTF-8"?>
<!-- Generated by org.testng.reporters.JUnitReportReporter -->
<testsuite hostname="DESKTOP-L3U3DAD" failures="0" tests="18" name="codenBox.codenBox.AppTest" time="9.318" errors="0" timestamp="2025-05-14T16:37:36 GMT+03:00" skipped="13">
  <testcase classname="codenBox.codenBox.AppTest" name="DownloadApkFileAndScreenShot" time="1.701"/>
  <testcase classname="codenBox.codenBox.AppTest" name="DownloadApkFileAndScreenShot" time="1.809"/>
  <testcase classname="codenBox.codenBox.AppTest" name="DownloadApkFileAndScreenShot" time="2.389"/>
  <testcase classname="codenBox.codenBox.AppTest" name="DownloadApkFileAndScreenShot" time="1.890"/>
  <testcase classname="codenBox.codenBox.AppTest" name="DownloadApkFileAndScreenShot" time="1.529"/>
  <testcase classname="codenBox.codenBox.AppTest" name="Iframe">
    <skipped/>
  </testcase> <!-- Iframe -->
  <testcase classname="codenBox.codenBox.AppTest" name="SelectTag">
    <skipped/>
  </testcase> <!-- SelectTag -->
  <testcase classname="codenBox.codenBox.AppTest" name="SwitchWindow">
    <skipped/>
  </testcase> <!-- SwitchWindow -->
  <testcase classname="codenBox.codenBox.AppTest" name="CheckBoxTag">
    <skipped/>
  </testcase> <!-- CheckBoxTag -->
  <testcase classname="codenBox.codenBox.AppTest" name="TableTest">
    <skipped/>
  </testcase> <!-- TableTest -->
  <testcase classname="codenBox.codenBox.AppTest" name="Dynamic_Dropdown">
    <skipped/>
  </testcase> <!-- Dynamic_Dropdown -->
  <testcase classname="codenBox.codenBox.AppTest" name="CalenderOpen">
    <skipped/>
  </testcase> <!-- CalenderOpen -->
  <testcase classname="codenBox.codenBox.AppTest" name="SwitchTab">
    <skipped/>
  </testcase> <!-- SwitchTab -->
  <testcase classname="codenBox.codenBox.AppTest" name="MouseHover">
    <skipped/>
  </testcase> <!-- MouseHover -->
  <testcase classname="codenBox.codenBox.AppTest" name="EnableDisable">
    <skipped/>
  </testcase> <!-- EnableDisable -->
  <testcase classname="codenBox.codenBox.AppTest" name="AlertTest">
    <skipped/>
  </testcase> <!-- AlertTest -->
  <testcase classname="codenBox.codenBox.AppTest" name="HideAndShow">
    <skipped/>
  </testcase> <!-- HideAndShow -->
  <testcase classname="codenBox.codenBox.AppTest" name="RadioButton">
    <skipped/>
  </testcase> <!-- RadioButton -->
</testsuite> <!-- codenBox.codenBox.AppTest -->
